<?xml version="1.0" encoding="UTF-8"?>
<!-- Generated by org.testng.reporters.JUnitReportReporter -->
<testsuite hostname="APTINWLPF438MA5" failures="0" tests="1" name="com.oceengage.testCases.TC_Loging_001" time="23.616" errors="0" timestamp="2024-06-13T19:41:10 IST" skipped="0">
  <testcase classname="com.oceengage.testCases.TC_Loging_001" name="loginTest" time="23.616"/>
</testsuite> <!-- com.oceengage.testCases.TC_Loging_001 -->
