<?xml version="1.0" encoding="UTF-8"?>
<!-- Generated by org.testng.reporters.JUnitReportReporter -->
<testsuite hostname="APTINWLPF438MA5" failures="0" tests="1" name="com.oceengage.testCases.TC_Initiation_002" time="161.181" errors="0" timestamp="2024-06-22T21:48:50 IST" skipped="0">
  <testcase classname="com.oceengage.testCases.TC_Initiation_002" name="InitiationPage" time="161.181"/>
</testsuite> <!-- com.oceengage.testCases.TC_Initiation_002 -->
