<?xml version="1.0" encoding="UTF-8"?>
<!-- Generated by org.testng.reporters.JUnitReportReporter -->
<testsuite hostname="APTINWLPF438MA5" failures="0" tests="1" name="com.oceengage.testCases.TC_Loging_001" time="21.682" errors="0" timestamp="2024-09-16T17:52:08 IST" skipped="0">
  <testcase classname="com.oceengage.testCases.TC_Loging_001" name="loginTest" time="21.682"/>
</testsuite> <!-- com.oceengage.testCases.TC_Loging_001 -->
